# JRE version: Java(TM) SE Runtime Environment (8.0_131-b11) (build 1.8.0_131-b11)
# Java VM: Java HotSpot(TM) 64-Bit Server VM (25.131-b11 mixed mode linux-amd64 compressed oops)
Heap:
 PSYoungGen      total 268288K, used 10213K [0x000000076cc00000, 0x000000077dc00000, 0x00000007c0000000)
  eden space 258048K, 0% used [0x000000076cc00000,0x000000076cc00000,0x000000077c800000)
  from space 10240K, 99% used [0x000000077c800000,0x000000077d1f9420,0x000000077d200000)
  to   space 10240K, 0% used [0x000000077d200000,0x000000077d200000,0x000000077dc00000)
 ParOldGen       total 171008K, used 42273K [0x00000006c6400000, 0x00000006d0b00000, 0x000000076cc00000)
  object space 171008K, 24% used [0x00000006c6400000,0x00000006c8d484f0,0x00000006d0b00000)
 Metaspace       used 10362K, capacity 10697K, committed 11008K, reserved 1058816K
  class space    used 828K, capacity 897K, committed 1024K, reserved 1048576K
GC Heap History (9 events):
Event: 1,670 GC heap before
{Heap before GC invocations=1 (full 0):
 PSYoungGen      total 74752K, used 64512K [0x000000076cc00000, 0x0000000771f00000, 0x00000007c0000000)
  eden space 64512K, 100% used [0x000000076cc00000,0x0000000770b00000,0x0000000770b00000)
  from space 10240K, 0% used [0x0000000771500000,0x0000000771500000,0x0000000771f00000)
  to   space 10240K, 0% used [0x0000000770b00000,0x0000000770b00000,0x0000000771500000)
 ParOldGen       total 171008K, used 0K [0x00000006c6400000, 0x00000006d0b00000, 0x000000076cc00000)
  object space 171008K, 0% used [0x00000006c6400000,0x00000006c6400000,0x00000006d0b00000)
 Metaspace       used 10146K, capacity 10441K, committed 10752K, reserved 1058816K
  class space    used 824K, capacity 897K, committed 1024K, reserved 1048576K
Event: 1,697 GC heap after
Heap after GC invocations=1 (full 0):
 PSYoungGen      total 74752K, used 5851K [0x000000076cc00000, 0x0000000775e00000, 0x00000007c0000000)
  eden space 64512K, 0% used [0x000000076cc00000,0x000000076cc00000,0x0000000770b00000)
  from space 10240K, 57% used [0x0000000770b00000,0x00000007710b6fa8,0x0000000771500000)
  to   space 10240K, 0% used [0x0000000775400000,0x0000000775400000,0x0000000775e00000)
 ParOldGen       total 171008K, used 16K [0x00000006c6400000, 0x00000006d0b00000, 0x000000076cc00000)
  object space 171008K, 0% used [0x00000006c6400000,0x00000006c6404000,0x00000006d0b00000)
 Metaspace       used 10146K, capacity 10441K, committed 10752K, reserved 1058816K
  class space    used 824K, capacity 897K, committed 1024K, reserved 1048576K
}
Event: 2,163 GC heap before
{Heap before GC invocations=2 (full 0):
 PSYoungGen      total 74752K, used 70363K [0x000000076cc00000, 0x0000000775e00000, 0x00000007c0000000)
  eden space 64512K, 100% used [0x000000076cc00000,0x0000000770b00000,0x0000000770b00000)
  from space 10240K, 57% used [0x0000000770b00000,0x00000007710b6fa8,0x0000000771500000)
  to   space 10240K, 0% used [0x0000000775400000,0x0000000775400000,0x0000000775e00000)
 ParOldGen       total 171008K, used 16K [0x00000006c6400000, 0x00000006d0b00000, 0x000000076cc00000)
  object space 171008K, 0% used [0x00000006c6400000,0x00000006c6404000,0x00000006d0b00000)
 Metaspace       used 10203K, capacity 10505K, committed 10752K, reserved 1058816K
  class space    used 824K, capacity 897K, committed 1024K, reserved 1048576K
Event: 2,184 GC heap after
Heap after GC invocations=2 (full 0):
 PSYoungGen      total 139264K, used 9059K [0x000000076cc00000, 0x0000000775e00000, 0x00000007c0000000)
  eden space 129024K, 0% used [0x000000076cc00000,0x000000076cc00000,0x0000000774a00000)
  from space 10240K, 88% used [0x0000000775400000,0x0000000775cd8cf0,0x0000000775e00000)
  to   space 10240K, 0% used [0x0000000774a00000,0x0000000774a00000,0x0000000775400000)
 ParOldGen       total 171008K, used 24K [0x00000006c6400000, 0x00000006d0b00000, 0x000000076cc00000)
  object space 171008K, 0% used [0x00000006c6400000,0x00000006c6406000,0x00000006d0b00000)
 Metaspace       used 10203K, capacity 10505K, committed 10752K, reserved 1058816K
  class space    used 824K, capacity 897K, committed 1024K, reserved 1048576K
}
Event: 2,886 GC heap before
{Heap before GC invocations=3 (full 0):
 PSYoungGen      total 139264K, used 138083K [0x000000076cc00000, 0x0000000775e00000, 0x00000007c0000000)
  eden space 129024K, 100% used [0x000000076cc00000,0x0000000774a00000,0x0000000774a00000)
  from space 10240K, 88% used [0x0000000775400000,0x0000000775cd8cf0,0x0000000775e00000)
  to   space 10240K, 0% used [0x0000000774a00000,0x0000000774a00000,0x0000000775400000)
 ParOldGen       total 171008K, used 24K [0x00000006c6400000, 0x00000006d0b00000, 0x000000076cc00000)
  object space 171008K, 0% used [0x00000006c6400000,0x00000006c6406000,0x00000006d0b00000)
 Metaspace       used 10249K, capacity 10505K, committed 10752K, reserved 1058816K
  class space    used 824K, capacity 897K, committed 1024K, reserved 1048576K
Event: 2,922 GC heap after
Heap after GC invocations=3 (full 0):
 PSYoungGen      total 139264K, used 10233K [0x000000076cc00000, 0x000000077dc00000, 0x00000007c0000000)
  eden space 129024K, 0% used [0x000000076cc00000,0x000000076cc00000,0x0000000774a00000)
  from space 10240K, 99% used [0x0000000774a00000,0x00000007753fe7b8,0x0000000775400000)
  to   space 10240K, 0% used [0x000000077d200000,0x000000077d200000,0x000000077dc00000)
 ParOldGen       total 171008K, used 8605K [0x00000006c6400000, 0x00000006d0b00000, 0x000000076cc00000)
  object space 171008K, 5% used [0x00000006c6400000,0x00000006c6c677c8,0x00000006d0b00000)
 Metaspace       used 10249K, capacity 10505K, committed 10752K, reserved 1058816K
  class space    used 824K, capacity 897K, committed 1024K, reserved 1048576K
}
Event: 3,446 GC heap before
{Heap before GC invocations=4 (full 0):
 PSYoungGen      total 139264K, used 139257K [0x000000076cc00000, 0x000000077dc00000, 0x00000007c0000000)
  eden space 129024K, 100% used [0x000000076cc00000,0x0000000774a00000,0x0000000774a00000)
  from space 10240K, 99% used [0x0000000774a00000,0x00000007753fe7b8,0x0000000775400000)
  to   space 10240K, 0% used [0x000000077d200000,0x000000077d200000,0x000000077dc00000)
 ParOldGen       total 171008K, used 8605K [0x00000006c6400000, 0x00000006d0b00000, 0x000000076cc00000)
  object space 171008K, 5% used [0x00000006c6400000,0x00000006c6c677c8,0x00000006d0b00000)
 Metaspace       used 10254K, capacity 10505K, committed 10752K, reserved 1058816K
  class space    used 824K, capacity 897K, committed 1024K, reserved 1048576K
Event: 3,482 GC heap after
Heap after GC invocations=4 (full 0):
 PSYoungGen      total 268288K, used 10211K [0x000000076cc00000, 0x000000077dc00000, 0x00000007c0000000)
  eden space 258048K, 0% used [0x000000076cc00000,0x000000076cc00000,0x000000077c800000)
  from space 10240K, 99% used [0x000000077d200000,0x000000077dbf8e60,0x000000077dc00000)
  to   space 10240K, 0% used [0x000000077c800000,0x000000077c800000,0x000000077d200000)
 ParOldGen       total 171008K, used 19327K [0x00000006c6400000, 0x00000006d0b00000, 0x000000076cc00000)
  object space 171008K, 11% used [0x00000006c6400000,0x00000006c76dfcc0,0x00000006d0b00000)
 Metaspace       used 10254K, capacity 10505K, committed 10752K, reserved 1058816K
  class space    used 824K, capacity 897K, committed 1024K, reserved 1048576K
}
Event: 5,839 GC heap before
{Heap before GC invocations=5 (full 0):
 PSYoungGen      total 268288K, used 268259K [0x000000076cc00000, 0x000000077dc00000, 0x00000007c0000000)
  eden space 258048K, 100% used [0x000000076cc00000,0x000000077c800000,0x000000077c800000)
  from space 10240K, 99% used [0x000000077d200000,0x000000077dbf8e60,0x000000077dc00000)
  to   space 10240K, 0% used [0x000000077c800000,0x000000077c800000,0x000000077d200000)
 ParOldGen       total 171008K, used 19327K [0x00000006c6400000, 0x00000006d0b00000, 0x000000076cc00000)
  object space 171008K, 11% used [0x00000006c6400000,0x00000006c76dfcc0,0x00000006d0b00000)
 Metaspace       used 10362K, capacity 10697K, committed 11008K, reserved 1058816K
  class space    used 828K, capacity 897K, committed 1024K, reserved 1048576K

