<?xml version="1.0" encoding="UTF-8" ?>
<testsuites>
  <testsuite errors="0" failures="0" hostname="gioia" id="0" name="SimpleTest" package="com.example.simple" skipped="0" tests="3" time="0.036" timestamp="2015-03-26T21:32:39">
      <properties>
[...]
</properties>

      <testcase classname="com.example.simple.SimpleTest" name="testSum" time="0.008" />

      <testcase classname="com.example.simple.SimpleTest" name="testF" time="0.002" />

      <testcase classname="com.example.simple.SimpleTest" name="testSquare" time="0.0" />

      <system-out><![CDATA[22:32:38,861 |-INFO in ch.qos.logback.classic.LoggerContext[default] - Could NOT find resource [logback.groovy]
22:32:38,862 |-INFO in ch.qos.logback.classic.LoggerContext[default] - Could NOT find resource [logback-test.xml]
22:32:38,863 |-INFO in ch.qos.logback.classic.LoggerContext[default] - Found resource [logback.xml] at [jar:file:/Users/malex/Downloads/cobertura-2.1.1/cobertura-2.1.1-sources.jar!/logback.xml]
22:32:38,864 |-WARN in ch.qos.logback.classic.LoggerContext[default] - Resource [logback.xml] occurs multiple times on the classpath.
22:32:38,864 |-WARN in ch.qos.logback.classic.LoggerContext[default] - Resource [logback.xml] occurs at [jar:file:/Users/malex/Downloads/cobertura-2.1.1/cobertura-2.1.1.jar!/logback.xml]
22:32:38,864 |-WARN in ch.qos.logback.classic.LoggerContext[default] - Resource [logback.xml] occurs at [jar:file:/Users/malex/Downloads/cobertura-2.1.1/cobertura-2.1.1-sources.jar!/logback.xml]
22:32:38,882 |-INFO in ch.qos.logback.core.joran.spi.ConfigurationWatchList@382226a7 - URL [jar:file:/Users/malex/Downloads/cobertura-2.1.1/cobertura-2.1.1-sources.jar!/logback.xml] is not of type file
22:32:38,940 |-INFO in ch.qos.logback.classic.joran.action.ConfigurationAction - debug attribute not set
22:32:38,945 |-INFO in ch.qos.logback.core.joran.action.AppenderAction - About to instantiate appender of type [ch.qos.logback.core.ConsoleAppender]
22:32:38,954 |-INFO in ch.qos.logback.core.joran.action.AppenderAction - Naming appender as [STDOUT]
22:32:38,975 |-INFO in ch.qos.logback.core.joran.action.NestedComplexPropertyIA - Assuming default type [ch.qos.logback.classic.encoder.PatternLayoutEncoder] for [encoder] property
22:32:39,032 |-INFO in ch.qos.logback.classic.joran.action.LoggerAction - Setting level of logger [net.sourceforge.cobertura] to INFO
22:32:39,032 |-INFO in ch.qos.logback.classic.joran.action.RootLoggerAction - Setting level of ROOT logger to DEBUG
22:32:39,032 |-INFO in ch.qos.logback.core.joran.action.AppenderRefAction - Attaching appender named [STDOUT] to Logger[ROOT]
22:32:39,033 |-INFO in ch.qos.logback.classic.joran.action.ConfigurationAction - End of configuration.
22:32:39,035 |-INFO in ch.qos.logback.classic.joran.JoranConfigurator@4a17babb - Registering current configuration as safe fallback point

[DEBUG] value: 3
[DEBUG] value: 5
[DEBUG] value: 8
[DEBUG] result: 16
[DEBUG] x: -1
[DEBUG] negative x
[DEBUG] x: -1
[DEBUG] result: 1
[DEBUG] x: 6
[DEBUG] x: 1
[DEBUG] result: 1
[DEBUG] x: -1
[DEBUG] result: 1
]]></system-out>

      <system-err><![CDATA[]]></system-err>

  </testsuite>
</testsuites>
